<?xml version="1.0" encoding="UTF-8"?>
<!-- Generated by org.testng.reporters.JUnitXMLReporter -->
<testsuite hostname="DESKTOP-65LSBDS" failures="0" tests="3" name="Default test" time="10.026" errors="0" timestamp="2 May 2020 15:40:53 GMT">
  <testcase classname="FinalProject.TestLandingPage" name="Test1" time="0.062"/>
  <testcase classname="FinalProject.TestLandingPage" name="Test2" time="0.101"/>
  <testcase classname="FinalProject.TestLandingPage" name="Test3" time="0.045"/>
</testsuite> <!-- Default test -->
