<?xml version="1.0" encoding="UTF-8"?>
<!-- Generated by org.testng.reporters.JUnitXMLReporter -->
<testsuite hostname="DESKTOP-65LSBDS" failures="0" tests="4" name="Test" time="36.31" errors="0" timestamp="2 May 2020 15:25:55 GMT">
  <testcase classname="FinalProject.TestLoginData" name="NavigateToBasePage" time="11.135"/>
  <testcase classname="FinalProject.TestLoginData" name="NavigateToBasePage" time="8.378"/>
  <testcase classname="FinalProject.TestLandingPage" name="Test1" time="0.07"/>
  <testcase classname="FinalProject.TestLandingPage" name="Test2" time="0.157"/>
</testsuite> <!-- Test -->
