<?xml version="1.0" encoding="UTF-8"?>
<!-- Generated by org.testng.reporters.JUnitXMLReporter -->
<testsuite hostname="DESKTOP-65LSBDS" failures="0" tests="4" name="Test" time="54.979" errors="0" timestamp="29 Apr 2020 15:39:13 GMT">
  <testcase classname="FinalProject.ValidationTitlePage" name="NavigateToBasePage" time="9.383"/>
  <testcase classname="FinalProject.ValidationNavbar" name="NavigateToBasePage" time="9.147"/>
  <testcase classname="FinalProject.HomePage_Test" name="NavigateToBasePage" time="18.557"/>
  <testcase classname="FinalProject.HomePage_Test" name="NavigateToBasePage" time="17.859"/>
</testsuite> <!-- Test -->
