<?xml version="1.0" encoding="UTF-8"?>
<!-- Generated by org.testng.reporters.JUnitXMLReporter -->
<testsuite hostname="DESKTOP-65LSBDS" failures="0" tests="4" name="Test" time="49.117" errors="0" timestamp="30 Apr 2020 00:09:33 GMT">
  <testcase classname="FinalProject.ValidationTitlePage" name="NavigateToFirstPage" time="1.136"/>
  <testcase classname="FinalProject.ValidationNavbar" name="NavigateToBasePage" time="0.151"/>
  <testcase classname="FinalProject.HomePage_Test" name="NavigateToBasePage" time="13.789"/>
  <testcase classname="FinalProject.HomePage_Test" name="NavigateToBasePage" time="9.023"/>
</testsuite> <!-- Test -->
