<?xml version="1.0" encoding="UTF-8"?>
<testng-results total="4" passed="4" failed="0" skipped="0">
  <reporter-output>
  </reporter-output>
  <suite started-at="2020-05-01T19:34:10Z" name="Suite" finished-at="2020-05-01T19:35:00Z" duration-ms="50725">
    <groups>
    </groups>
    <test started-at="2020-05-01T19:34:10Z" name="Test" finished-at="2020-05-01T19:35:00Z" duration-ms="50725">
      <class name="FinalProject.ValidationNavbar">
        <test-method signature="NavigateToBasePage()[pri:0, instance:FinalProject.ValidationNavbar@1d470d0]" started-at="2020-05-01T14:34:35Z" name="NavigateToBasePage" finished-at="2020-05-01T14:34:35Z" duration-ms="120" status="PASS">
          <reporter-output>
          </reporter-output>
        </test-method> <!-- NavigateToBasePage -->
      </class> <!-- FinalProject.ValidationNavbar -->
      <class name="FinalProject.ValidationTitlePage">
        <test-method signature="NavigateToFirstPage()[pri:0, instance:FinalProject.ValidationTitlePage@7ca33c24]" started-at="2020-05-01T14:34:34Z" name="NavigateToFirstPage" finished-at="2020-05-01T14:34:35Z" duration-ms="776" status="PASS">
          <reporter-output>
          </reporter-output>
        </test-method> <!-- NavigateToFirstPage -->
      </class> <!-- FinalProject.ValidationTitlePage -->
      <class name="FinalProject.HomePage_Test">
        <test-method is-config="true" signature="getLanding()[pri:0, instance:FinalProject.HomePage_Test@31000e60]" started-at="2020-05-01T14:34:10Z" name="getLanding" finished-at="2020-05-01T14:34:15Z" duration-ms="5861" status="PASS">
          <reporter-output>
          </reporter-output>
        </test-method> <!-- getLanding -->
        <test-method is-config="true" signature="getLanding()[pri:0, instance:FinalProject.ValidationNavbar@1d470d0]" started-at="2020-05-01T14:34:15Z" name="getLanding" finished-at="2020-05-01T14:34:24Z" duration-ms="8658" status="PASS">
          <reporter-output>
          </reporter-output>
        </test-method> <!-- getLanding -->
        <test-method is-config="true" signature="getLanding()[pri:0, instance:FinalProject.ValidationTitlePage@7ca33c24]" started-at="2020-05-01T14:34:24Z" name="getLanding" finished-at="2020-05-01T14:34:34Z" duration-ms="10013" status="PASS">
          <reporter-output>
          </reporter-output>
        </test-method> <!-- getLanding -->
        <test-method signature="NavigateToBasePage(java.lang.String, java.lang.String)[pri:0, instance:FinalProject.HomePage_Test@31000e60]" started-at="2020-05-01T14:34:35Z" name="NavigateToBasePage" data-provider="getData" finished-at="2020-05-01T14:34:48Z" duration-ms="13349" status="PASS">
          <params>
            <param index="0">
              <value>
                <![CDATA[rie@asdf.com]]>
              </value>
            </param>
            <param index="1">
              <value>
                <![CDATA[1234]]>
              </value>
            </param>
          </params>
          <reporter-output>
          </reporter-output>
        </test-method> <!-- NavigateToBasePage -->
        <test-method signature="NavigateToBasePage(java.lang.String, java.lang.String)[pri:0, instance:FinalProject.HomePage_Test@31000e60]" started-at="2020-05-01T14:34:48Z" name="NavigateToBasePage" data-provider="getData" finished-at="2020-05-01T14:34:56Z" duration-ms="7217" status="PASS">
          <params>
            <param index="0">
              <value>
                <![CDATA[qwer@asfr.com]]>
              </value>
            </param>
            <param index="1">
              <value>
                <![CDATA[3456]]>
              </value>
            </param>
          </params>
          <reporter-output>
          </reporter-output>
        </test-method> <!-- NavigateToBasePage -->
        <test-method is-config="true" signature="tearDown()[pri:0, instance:FinalProject.HomePage_Test@31000e60]" started-at="2020-05-01T14:34:56Z" name="tearDown" finished-at="2020-05-01T14:34:56Z" duration-ms="209" status="PASS">
          <reporter-output>
          </reporter-output>
        </test-method> <!-- tearDown -->
        <test-method is-config="true" signature="tearDown()[pri:0, instance:FinalProject.ValidationNavbar@1d470d0]" started-at="2020-05-01T14:34:56Z" name="tearDown" finished-at="2020-05-01T14:34:56Z" duration-ms="209" status="PASS">
          <reporter-output>
          </reporter-output>
        </test-method> <!-- tearDown -->
        <test-method is-config="true" signature="tearDown()[pri:0, instance:FinalProject.ValidationTitlePage@7ca33c24]" started-at="2020-05-01T14:34:56Z" name="tearDown" finished-at="2020-05-01T14:35:00Z" duration-ms="4293" status="PASS">
          <reporter-output>
          </reporter-output>
        </test-method> <!-- tearDown -->
      </class> <!-- FinalProject.HomePage_Test -->
    </test> <!-- Test -->
  </suite> <!-- Suite -->
</testng-results>
