<?xml version="1.0" encoding="UTF-8"?>
<testsuite xmlns:xsi="http://www.w3.org/2001/XMLSchema-instance" xsi:noNamespaceSchemaLocation="https://maven.apache.org/surefire/maven-surefire-plugin/xsd/surefire-test-report-3.0.xsd" version="3.0" name="TestSuite" time="2.461" tests="10" errors="0" skipped="9" failures="1">
  <properties>
[...]
</properties>
  <testcase name="getLanding" classname="FinalProject.HomePage_Test" time="1.617">
    <failure type="java.lang.NullPointerException"><![CDATA[java.lang.NullPointerException
	at FinalProject.HomePage_Test.getLanding(HomePage_Test.java:19)
]]></failure>
  </testcase>
  <testcase name="getLanding" classname="FinalProject.HomePage_Test" time="0">
    <skipped/>
  </testcase>
  <testcase name="getLanding" classname="FinalProject.HomePage_Test" time="0">
    <skipped/>
  </testcase>
  <testcase name="NavigateToBasePage" classname="FinalProject.HomePage_Test" time="0">
    <skipped/>
  </testcase>
  <testcase name="NavigateToBasePage" classname="FinalProject.HomePage_Test" time="0">
    <skipped/>
  </testcase>
  <testcase name="tearDown" classname="FinalProject.HomePage_Test" time="0">
    <skipped/>
  </testcase>
  <testcase name="tearDown" classname="FinalProject.HomePage_Test" time="0">
    <skipped/>
  </testcase>
  <testcase name="tearDown" classname="FinalProject.HomePage_Test" time="0">
    <skipped/>
  </testcase>
  <testcase name="NavigateToFirstPage" classname="FinalProject.ValidationTitlePage" time="0">
    <skipped/>
  </testcase>
  <testcase name="NavigateToBasePage" classname="FinalProject.ValidationNavbar" time="0">
    <skipped/>
  </testcase>
</testsuite>