<?xml version="1.0" encoding="UTF-8"?>
<testng-results total="4" passed="0" failed="0" skipped="4">
  <reporter-output>
  </reporter-output>
  <suite started-at="2020-05-01T17:36:23Z" name="Suite" finished-at="2020-05-01T17:36:23Z" duration-ms="32">
    <groups>
    </groups>
    <test started-at="2020-05-01T17:36:23Z" name="Test" finished-at="2020-05-01T17:36:23Z" duration-ms="32">
      <class name="FinalProject.ValidationNavbar">
        <test-method signature="NavigateToBasePage()[pri:0, instance:FinalProject.ValidationNavbar@1d470d0]" started-at="2020-05-01T12:36:23Z" name="NavigateToBasePage" finished-at="2020-05-01T12:36:23Z" duration-ms="0" status="SKIP">
          <reporter-output>
          </reporter-output>
        </test-method> <!-- NavigateToBasePage -->
      </class> <!-- FinalProject.ValidationNavbar -->
      <class name="FinalProject.ValidationTitlePage">
        <test-method signature="NavigateToFirstPage()[pri:0, instance:FinalProject.ValidationTitlePage@7ca33c24]" started-at="2020-05-01T12:36:23Z" name="NavigateToFirstPage" finished-at="2020-05-01T12:36:23Z" duration-ms="1" status="SKIP">
          <reporter-output>
          </reporter-output>
        </test-method> <!-- NavigateToFirstPage -->
      </class> <!-- FinalProject.ValidationTitlePage -->
      <class name="FinalProject.HomePage_Test">
        <test-method is-config="true" signature="getLanding()[pri:0, instance:FinalProject.HomePage_Test@31000e60]" started-at="2020-05-01T12:36:23Z" name="getLanding" finished-at="2020-05-01T12:36:23Z" duration-ms="0" status="FAIL">
          <exception class="java.lang.NullPointerException">
            <full-stacktrace>
              <![CDATA[java.lang.NullPointerException
	at resources.BasePage.InitDriver(BasePage.java:41)
	at FinalProject.HomePage_Test.getLanding(HomePage_Test.java:19)
	at java.base/jdk.internal.reflect.NativeMethodAccessorImpl.invoke0(Native Method)
	at java.base/jdk.internal.reflect.NativeMethodAccessorImpl.invoke(NativeMethodAccessorImpl.java:62)
	at java.base/jdk.internal.reflect.DelegatingMethodAccessorImpl.invoke(DelegatingMethodAccessorImpl.java:43)
	at java.base/java.lang.reflect.Method.invoke(Method.java:567)
	at org.testng.internal.MethodInvocationHelper.invokeMethod(MethodInvocationHelper.java:80)
	at org.testng.internal.Invoker.invokeConfigurationMethod(Invoker.java:564)
	at org.testng.internal.Invoker.invokeConfigurations(Invoker.java:213)
	at org.testng.internal.Invoker.invokeConfigurations(Invoker.java:138)
	at org.testng.TestRunner.beforeRun(TestRunner.java:641)
	at org.testng.TestRunner.run(TestRunner.java:609)
	at org.testng.SuiteRunner.runTest(SuiteRunner.java:334)
	at org.testng.SuiteRunner.runSequentially(SuiteRunner.java:329)
	at org.testng.SuiteRunner.privateRun(SuiteRunner.java:291)
	at org.testng.SuiteRunner.run(SuiteRunner.java:240)
	at org.testng.SuiteRunnerWorker.runSuite(SuiteRunnerWorker.java:52)
	at org.testng.SuiteRunnerWorker.run(SuiteRunnerWorker.java:86)
	at org.testng.TestNG.runSuitesSequentially(TestNG.java:1198)
	at org.testng.TestNG.runSuitesLocally(TestNG.java:1123)
	at org.testng.TestNG.run(TestNG.java:1031)
	at org.apache.maven.surefire.testng.TestNGExecutor.run(TestNGExecutor.java:283)
	at org.apache.maven.surefire.testng.TestNGXmlTestSuite.execute(TestNGXmlTestSuite.java:75)
	at org.apache.maven.surefire.testng.TestNGProvider.invoke(TestNGProvider.java:120)
	at org.apache.maven.surefire.booter.ForkedBooter.runSuitesInProcess(ForkedBooter.java:377)
	at org.apache.maven.surefire.booter.ForkedBooter.execute(ForkedBooter.java:138)
	at org.apache.maven.surefire.booter.ForkedBooter.run(ForkedBooter.java:465)
	at org.apache.maven.surefire.booter.ForkedBooter.main(ForkedBooter.java:451)
]]>
            </full-stacktrace>
          </exception> <!-- java.lang.NullPointerException -->
          <reporter-output>
          </reporter-output>
        </test-method> <!-- getLanding -->
        <test-method is-config="true" signature="getLanding()[pri:0, instance:FinalProject.ValidationNavbar@1d470d0]" started-at="2020-05-01T12:36:23Z" name="getLanding" finished-at="2020-05-01T12:36:23Z" duration-ms="0" status="SKIP">
          <reporter-output>
          </reporter-output>
        </test-method> <!-- getLanding -->
        <test-method is-config="true" signature="getLanding()[pri:0, instance:FinalProject.ValidationTitlePage@7ca33c24]" started-at="2020-05-01T12:36:23Z" name="getLanding" finished-at="2020-05-01T12:36:23Z" duration-ms="0" status="SKIP">
          <reporter-output>
          </reporter-output>
        </test-method> <!-- getLanding -->
        <test-method signature="NavigateToBasePage(java.lang.String, java.lang.String)[pri:0, instance:FinalProject.HomePage_Test@31000e60]" started-at="2020-05-01T12:36:23Z" name="NavigateToBasePage" data-provider="getData" finished-at="2020-05-01T12:36:23Z" duration-ms="0" status="SKIP">
          <params>
            <param index="0">
              <value>
                <![CDATA[qwer@asfr.com]]>
              </value>
            </param>
            <param index="1">
              <value>
                <![CDATA[3456]]>
              </value>
            </param>
          </params>
          <reporter-output>
          </reporter-output>
        </test-method> <!-- NavigateToBasePage -->
        <test-method signature="NavigateToBasePage(java.lang.String, java.lang.String)[pri:0, instance:FinalProject.HomePage_Test@31000e60]" started-at="2020-05-01T12:36:23Z" name="NavigateToBasePage" data-provider="getData" finished-at="2020-05-01T12:36:23Z" duration-ms="0" status="SKIP">
          <params>
            <param index="0">
              <value>
                <![CDATA[rie@asdf.com]]>
              </value>
            </param>
            <param index="1">
              <value>
                <![CDATA[1234]]>
              </value>
            </param>
          </params>
          <reporter-output>
          </reporter-output>
        </test-method> <!-- NavigateToBasePage -->
        <test-method is-config="true" signature="tearDown()[pri:0, instance:FinalProject.HomePage_Test@31000e60]" started-at="2020-05-01T12:36:23Z" name="tearDown" finished-at="2020-05-01T12:36:23Z" duration-ms="0" status="SKIP">
          <reporter-output>
          </reporter-output>
        </test-method> <!-- tearDown -->
        <test-method is-config="true" signature="tearDown()[pri:0, instance:FinalProject.ValidationTitlePage@7ca33c24]" started-at="2020-05-01T12:36:23Z" name="tearDown" finished-at="2020-05-01T12:36:23Z" duration-ms="0" status="SKIP">
          <reporter-output>
          </reporter-output>
        </test-method> <!-- tearDown -->
        <test-method is-config="true" signature="tearDown()[pri:0, instance:FinalProject.ValidationNavbar@1d470d0]" started-at="2020-05-01T12:36:23Z" name="tearDown" finished-at="2020-05-01T12:36:23Z" duration-ms="0" status="SKIP">
          <reporter-output>
          </reporter-output>
        </test-method> <!-- tearDown -->
      </class> <!-- FinalProject.HomePage_Test -->
    </test> <!-- Test -->
  </suite> <!-- Suite -->
</testng-results>
