<?xml version="1.0" encoding="UTF-8"?>
<testsuite xmlns:xsi="http://www.w3.org/2001/XMLSchema-instance" xsi:noNamespaceSchemaLocation="https://maven.apache.org/surefire/maven-surefire-plugin/xsd/surefire-test-report-3.0.xsd" version="3.0" name="TestSuite" time="51.166" tests="4" errors="0" skipped="0" failures="0">
  <properties>
[...]
</properties>
  <testcase name="NavigateToFirstPage" classname="FinalProject.ValidationTitlePage" time="1.135"/>
  <testcase name="NavigateToBasePage" classname="FinalProject.ValidationNavbar" time="0.149"/>
  <testcase name="NavigateToBasePage" classname="FinalProject.HomePage_Test" time="13.79"/>
  <testcase name="NavigateToBasePage" classname="FinalProject.HomePage_Test" time="9.023"/>
</testsuite>