<?xml version="1.0" encoding="UTF-8"?>
<testng-results total="4" passed="4" failed="0" skipped="0">
  <reporter-output>
  </reporter-output>
  <suite started-at="2020-05-01T02:52:50Z" name="Suite" finished-at="2020-05-01T02:53:41Z" duration-ms="50324">
    <groups>
    </groups>
    <test started-at="2020-05-01T02:52:50Z" name="Test" finished-at="2020-05-01T02:53:41Z" duration-ms="50324">
      <class name="FinalProject.ValidationNavbar">
        <test-method signature="NavigateToBasePage()[pri:0, instance:FinalProject.ValidationNavbar@5829e4f4]" started-at="2020-04-30T21:53:18Z" name="NavigateToBasePage" finished-at="2020-04-30T21:53:18Z" duration-ms="96" status="PASS">
          <reporter-output>
          </reporter-output>
        </test-method> <!-- NavigateToBasePage -->
      </class> <!-- FinalProject.ValidationNavbar -->
      <class name="FinalProject.ValidationTitlePage">
        <test-method signature="NavigateToFirstPage()[pri:0, instance:FinalProject.ValidationTitlePage@4218500f]" started-at="2020-04-30T21:53:17Z" name="NavigateToFirstPage" finished-at="2020-04-30T21:53:18Z" duration-ms="535" status="PASS">
          <reporter-output>
          </reporter-output>
        </test-method> <!-- NavigateToFirstPage -->
      </class> <!-- FinalProject.ValidationTitlePage -->
      <class name="FinalProject.HomePage_Test">
        <test-method is-config="true" signature="getLanding()[pri:0, instance:FinalProject.HomePage_Test@1dd6d4b7]" started-at="2020-04-30T21:52:50Z" name="getLanding" finished-at="2020-04-30T21:52:56Z" duration-ms="6068" status="PASS">
          <reporter-output>
          </reporter-output>
        </test-method> <!-- getLanding -->
        <test-method is-config="true" signature="getLanding()[pri:0, instance:FinalProject.ValidationNavbar@5829e4f4]" started-at="2020-04-30T21:52:56Z" name="getLanding" finished-at="2020-04-30T21:53:06Z" duration-ms="9195" status="PASS">
          <reporter-output>
          </reporter-output>
        </test-method> <!-- getLanding -->
        <test-method is-config="true" signature="getLanding()[pri:0, instance:FinalProject.ValidationTitlePage@4218500f]" started-at="2020-04-30T21:53:06Z" name="getLanding" finished-at="2020-04-30T21:53:17Z" duration-ms="11658" status="PASS">
          <reporter-output>
          </reporter-output>
        </test-method> <!-- getLanding -->
        <test-method signature="NavigateToBasePage(java.lang.String, java.lang.String)[pri:0, instance:FinalProject.HomePage_Test@1dd6d4b7]" started-at="2020-04-30T21:53:18Z" name="NavigateToBasePage" data-provider="getData" finished-at="2020-04-30T21:53:29Z" duration-ms="11366" status="PASS">
          <params>
            <param index="0">
              <value>
                <![CDATA[rie@asdf.com]]>
              </value>
            </param>
            <param index="1">
              <value>
                <![CDATA[1234]]>
              </value>
            </param>
          </params>
          <reporter-output>
          </reporter-output>
        </test-method> <!-- NavigateToBasePage -->
        <test-method signature="NavigateToBasePage(java.lang.String, java.lang.String)[pri:0, instance:FinalProject.HomePage_Test@1dd6d4b7]" started-at="2020-04-30T21:53:29Z" name="NavigateToBasePage" data-provider="getData" finished-at="2020-04-30T21:53:40Z" duration-ms="10602" status="PASS">
          <params>
            <param index="0">
              <value>
                <![CDATA[qwer@asfr.com]]>
              </value>
            </param>
            <param index="1">
              <value>
                <![CDATA[3456]]>
              </value>
            </param>
          </params>
          <reporter-output>
          </reporter-output>
        </test-method> <!-- NavigateToBasePage -->
        <test-method is-config="true" signature="tearDown()[pri:0, instance:FinalProject.HomePage_Test@1dd6d4b7]" started-at="2020-04-30T21:53:40Z" name="tearDown" finished-at="2020-04-30T21:53:40Z" duration-ms="220" status="PASS">
          <reporter-output>
          </reporter-output>
        </test-method> <!-- tearDown -->
        <test-method is-config="true" signature="tearDown()[pri:0, instance:FinalProject.ValidationNavbar@5829e4f4]" started-at="2020-04-30T21:53:40Z" name="tearDown" finished-at="2020-04-30T21:53:40Z" duration-ms="261" status="PASS">
          <reporter-output>
          </reporter-output>
        </test-method> <!-- tearDown -->
        <test-method is-config="true" signature="tearDown()[pri:0, instance:FinalProject.ValidationTitlePage@4218500f]" started-at="2020-04-30T21:53:40Z" name="tearDown" finished-at="2020-04-30T21:53:41Z" duration-ms="288" status="PASS">
          <reporter-output>
          </reporter-output>
        </test-method> <!-- tearDown -->
      </class> <!-- FinalProject.HomePage_Test -->
    </test> <!-- Test -->
  </suite> <!-- Suite -->
</testng-results>
