<?xml version="1.0" encoding="UTF-8"?>
<testng-results total="4" passed="4" failed="0" skipped="0">
  <reporter-output>
  </reporter-output>
  <suite started-at="2020-04-29T15:38:18Z" name="Suite" finished-at="2020-04-29T15:39:13Z" duration-ms="54979">
    <groups>
    </groups>
    <test started-at="2020-04-29T15:38:18Z" name="Test" finished-at="2020-04-29T15:39:13Z" duration-ms="54979">
      <class name="FinalProject.ValidationNavbar">
        <test-method signature="NavigateToBasePage()[pri:0, instance:FinalProject.ValidationNavbar@4a7f959b]" started-at="2020-04-29T10:38:28Z" name="NavigateToBasePage" finished-at="2020-04-29T10:38:37Z" duration-ms="9147" status="PASS">
          <reporter-output>
          </reporter-output>
        </test-method> <!-- NavigateToBasePage -->
      </class> <!-- FinalProject.ValidationNavbar -->
      <class name="FinalProject.ValidationTitlePage">
        <test-method signature="NavigateToBasePage()[pri:0, instance:FinalProject.ValidationTitlePage@67c33749]" started-at="2020-04-29T10:38:18Z" name="NavigateToBasePage" finished-at="2020-04-29T10:38:28Z" duration-ms="9383" status="PASS">
          <reporter-output>
          </reporter-output>
        </test-method> <!-- NavigateToBasePage -->
      </class> <!-- FinalProject.ValidationTitlePage -->
      <class name="FinalProject.HomePage_Test">
        <test-method signature="NavigateToBasePage(java.lang.String, java.lang.String)[pri:0, instance:FinalProject.HomePage_Test@78123e82]" started-at="2020-04-29T10:38:37Z" name="NavigateToBasePage" data-provider="getData" finished-at="2020-04-29T10:38:55Z" duration-ms="18557" status="PASS">
          <params>
            <param index="0">
              <value>
                <![CDATA[rie@asdf.com]]>
              </value>
            </param>
            <param index="1">
              <value>
                <![CDATA[1234]]>
              </value>
            </param>
          </params>
          <reporter-output>
          </reporter-output>
        </test-method> <!-- NavigateToBasePage -->
        <test-method signature="NavigateToBasePage(java.lang.String, java.lang.String)[pri:0, instance:FinalProject.HomePage_Test@78123e82]" started-at="2020-04-29T10:38:55Z" name="NavigateToBasePage" data-provider="getData" finished-at="2020-04-29T10:39:13Z" duration-ms="17859" status="PASS">
          <params>
            <param index="0">
              <value>
                <![CDATA[qwer@asfr.com]]>
              </value>
            </param>
            <param index="1">
              <value>
                <![CDATA[3456]]>
              </value>
            </param>
          </params>
          <reporter-output>
          </reporter-output>
        </test-method> <!-- NavigateToBasePage -->
      </class> <!-- FinalProject.HomePage_Test -->
    </test> <!-- Test -->
  </suite> <!-- Suite -->
</testng-results>
